app/build/intermediates/manifest_merge_blame_file/debug/manifest-merger-blame-debug-report.txt
1<?xml version="1.0" encoding="utf-8"?>
2<manifest xmlns:android="http://schemas.android.com/apk/res/android"
3    package="com.example.ec2"
4    android:versionCode="1"
5    android:versionName="1.0" >
6
7    <uses-sdk
8        android:minSdkVersion="24"
8-->src\main\AndroidManifest.xml
9        android:targetSdkVersion="33" />
9-->src\main\AndroidManifest.xml
10
11    <uses-feature
11-->src\main\AndroidManifest.xml:5:5-7:36
12        android:name="android.hardware.camera"
12-->src\main\AndroidManifest.xml:6:9-47
13        android:required="false" />
13-->src\main\AndroidManifest.xml:7:9-33
14
15    <uses-permission android:name="android.permission.CAMERA" />
15-->src\main\AndroidManifest.xml:9:5-65
15-->src\main\AndroidManifest.xml:9:22-62
16    <uses-permission
16-->src\main\AndroidManifest.xml:10:5-12:38
17        android:name="android.permission.WRITE_EXTERNAL_STORAGE"
17-->src\main\AndroidManifest.xml:11:9-65
18        android:maxSdkVersion="32" />
18-->src\main\AndroidManifest.xml:12:9-35
19
20    <!-- Include required permissions for Google Maps API to run. -->
21    <uses-permission android:name="android.permission.ACCESS_NETWORK_STATE" />
21-->[com.google.android.gms:play-services-maps:18.0.2] AndroidManifest.xml:23:5-79
21-->[com.google.android.gms:play-services-maps:18.0.2] AndroidManifest.xml:23:22-76
22    <uses-permission android:name="android.permission.INTERNET" />
22-->[com.google.android.gms:play-services-maps:18.0.2] AndroidManifest.xml:24:5-67
22-->[com.google.android.gms:play-services-maps:18.0.2] AndroidManifest.xml:24:22-64
23
24    <uses-feature
24-->[com.google.android.gms:play-services-maps:18.0.2] AndroidManifest.xml:26:5-28:35
25        android:glEsVersion="0x00020000"
25-->[com.google.android.gms:play-services-maps:18.0.2] AndroidManifest.xml:27:9-41
26        android:required="true" />
26-->[com.google.android.gms:play-services-maps:18.0.2] AndroidManifest.xml:28:9-32
27
28    <queries>
28-->[com.google.android.gms:play-services-maps:18.0.2] AndroidManifest.xml:30:5-34:15
29
30        <!-- Needs to be explicitly declared on Android R+ -->
31        <package android:name="com.google.android.apps.maps" />
31-->[com.google.android.gms:play-services-maps:18.0.2] AndroidManifest.xml:33:9-64
31-->[com.google.android.gms:play-services-maps:18.0.2] AndroidManifest.xml:33:18-61
32    </queries>
33
34    <permission
34-->[androidx.core:core:1.9.0] AndroidManifest.xml:22:5-24:47
35        android:name="com.example.ec2.DYNAMIC_RECEIVER_NOT_EXPORTED_PERMISSION"
35-->[androidx.core:core:1.9.0] AndroidManifest.xml:23:9-81
36        android:protectionLevel="signature" />
36-->[androidx.core:core:1.9.0] AndroidManifest.xml:24:9-44
37
38    <uses-permission android:name="com.example.ec2.DYNAMIC_RECEIVER_NOT_EXPORTED_PERMISSION" />
38-->[androidx.core:core:1.9.0] AndroidManifest.xml:26:5-97
38-->[androidx.core:core:1.9.0] AndroidManifest.xml:26:22-94
39
40    <application
40-->src\main\AndroidManifest.xml:14:5-48:19
41        android:allowBackup="true"
41-->src\main\AndroidManifest.xml:15:9-35
42        android:appComponentFactory="androidx.core.app.CoreComponentFactory"
42-->[androidx.core:core:1.9.0] AndroidManifest.xml:28:18-86
43        android:dataExtractionRules="@xml/data_extraction_rules"
43-->src\main\AndroidManifest.xml:16:9-65
44        android:debuggable="true"
45        android:extractNativeLibs="false"
46        android:fullBackupContent="@xml/backup_rules"
46-->src\main\AndroidManifest.xml:17:9-54
47        android:icon="@mipmap/ic_launcher"
47-->src\main\AndroidManifest.xml:18:9-43
48        android:label="@string/app_name"
48-->src\main\AndroidManifest.xml:19:9-41
49        android:roundIcon="@mipmap/ic_launcher_round"
49-->src\main\AndroidManifest.xml:20:9-54
50        android:supportsRtl="true"
50-->src\main\AndroidManifest.xml:21:9-35
51        android:theme="@style/Theme.Cuponex" >
51-->src\main\AndroidManifest.xml:22:9-45
52        <activity
52-->src\main\AndroidManifest.xml:24:9-26:40
53            android:name="com.example.ec2.MapaActivity"
53-->src\main\AndroidManifest.xml:25:13-41
54            android:exported="false" />
54-->src\main\AndroidManifest.xml:26:13-37
55        <activity
55-->src\main\AndroidManifest.xml:27:9-29:40
56            android:name="com.example.ec2.VerFotoMapa"
56-->src\main\AndroidManifest.xml:28:13-40
57            android:exported="false" />
57-->src\main\AndroidManifest.xml:29:13-37
58        <activity
58-->src\main\AndroidManifest.xml:30:9-32:40
59            android:name="com.example.ec2.LoginActivity"
59-->src\main\AndroidManifest.xml:31:13-42
60            android:exported="false" />
60-->src\main\AndroidManifest.xml:32:13-37
61        <activity
61-->src\main\AndroidManifest.xml:33:9-41:20
62            android:name="com.example.ec2.SplashScreenActivity"
62-->src\main\AndroidManifest.xml:34:13-49
63            android:exported="true" >
63-->src\main\AndroidManifest.xml:35:13-36
64            <intent-filter>
64-->src\main\AndroidManifest.xml:36:13-40:29
65                <action android:name="android.intent.action.MAIN" />
65-->src\main\AndroidManifest.xml:37:17-69
65-->src\main\AndroidManifest.xml:37:25-66
66
67                <category android:name="android.intent.category.LAUNCHER" />
67-->src\main\AndroidManifest.xml:39:17-77
67-->src\main\AndroidManifest.xml:39:27-74
68            </intent-filter>
69        </activity>
70        <activity
70-->src\main\AndroidManifest.xml:42:9-44:39
71            android:name="com.example.ec2.MainActivity"
71-->src\main\AndroidManifest.xml:43:13-41
72            android:exported="true" />
72-->src\main\AndroidManifest.xml:44:13-36
73
74        <meta-data
75            android:name="com.google.android.geo.API_KEY"
75-->src\main\AndroidManifest.xml:46:13-58
76            android:value="AIzaSyBg5hazbtrcKnLkPu3eVyM2KRZM4zbziVY" />
76-->src\main\AndroidManifest.xml:47:13-44
77        <!-- Needs to be explicitly declared on P+ -->
78        <uses-library
78-->[com.google.android.gms:play-services-maps:18.0.2] AndroidManifest.xml:39:9-41:40
79            android:name="org.apache.http.legacy"
79-->[com.google.android.gms:play-services-maps:18.0.2] AndroidManifest.xml:40:13-50
80            android:required="false" />
80-->[com.google.android.gms:play-services-maps:18.0.2] AndroidManifest.xml:41:13-37
81
82        <activity
82-->[com.google.android.gms:play-services-base:18.0.1] AndroidManifest.xml:20:9-22:45
83            android:name="com.google.android.gms.common.api.GoogleApiActivity"
83-->[com.google.android.gms:play-services-base:18.0.1] AndroidManifest.xml:20:19-85
84            android:exported="false"
84-->[com.google.android.gms:play-services-base:18.0.1] AndroidManifest.xml:22:19-43
85            android:theme="@android:style/Theme.Translucent.NoTitleBar" />
85-->[com.google.android.gms:play-services-base:18.0.1] AndroidManifest.xml:21:19-78
86
87        <meta-data
87-->[com.google.android.gms:play-services-basement:18.0.0] AndroidManifest.xml:21:9-23:69
88            android:name="com.google.android.gms.version"
88-->[com.google.android.gms:play-services-basement:18.0.0] AndroidManifest.xml:22:13-58
89            android:value="@integer/google_play_services_version" />
89-->[com.google.android.gms:play-services-basement:18.0.0] AndroidManifest.xml:23:13-66
90
91        <provider
91-->[androidx.emoji2:emoji2:1.2.0] AndroidManifest.xml:24:9-32:20
92            android:name="androidx.startup.InitializationProvider"
92-->[androidx.emoji2:emoji2:1.2.0] AndroidManifest.xml:25:13-67
93            android:authorities="com.example.ec2.androidx-startup"
93-->[androidx.emoji2:emoji2:1.2.0] AndroidManifest.xml:26:13-68
94            android:exported="false" >
94-->[androidx.emoji2:emoji2:1.2.0] AndroidManifest.xml:27:13-37
95            <meta-data
95-->[androidx.emoji2:emoji2:1.2.0] AndroidManifest.xml:29:13-31:52
96                android:name="androidx.emoji2.text.EmojiCompatInitializer"
96-->[androidx.emoji2:emoji2:1.2.0] AndroidManifest.xml:30:17-75
97                android:value="androidx.startup" />
97-->[androidx.emoji2:emoji2:1.2.0] AndroidManifest.xml:31:17-49
98            <meta-data
98-->[androidx.lifecycle:lifecycle-process:2.4.1] AndroidManifest.xml:31:13-33:52
99                android:name="androidx.lifecycle.ProcessLifecycleInitializer"
99-->[androidx.lifecycle:lifecycle-process:2.4.1] AndroidManifest.xml:32:17-78
100                android:value="androidx.startup" />
100-->[androidx.lifecycle:lifecycle-process:2.4.1] AndroidManifest.xml:33:17-49
101        </provider>
102    </application>
103
104</manifest>